Starting ...
Got 364105 Bytes of data
Executing command: ffmpeg -c:v h264 -f h264 -i pipe:0 -c:v rawvideo -f rawvideo -an -sn -pix_fmt rgb24 -s 192x108 pipe:1
Actually Written 1024 of 364105 expected B
Reading ....
Actually Written 2048 of 364105 expected B
Reading ....
Actually Written 3072 of 364105 expected B
Reading ....
Actually Written 4096 of 364105 expected B
Reading ....
Actually Written 5120 of 364105 expected B
Reading ....
Actually Written 6144 of 364105 expected B
Reading ....
Actually Written 7168 of 364105 expected B
Reading ....
Actually Written 8192 of 364105 expected B
Reading ....
Actually Written 9216 of 364105 expected B
Reading ....
Actually Written 10240 of 364105 expected B
Reading ....
Actually Written 11264 of 364105 expected B
Reading ....
Actually Written 12288 of 364105 expected B
Reading ....
Actually Written 13312 of 364105 expected B
Reading ....
Actually Written 14336 of 364105 expected B
Reading ....
Actually Written 15360 of 364105 expected B
Reading ....
Actually Written 16384 of 364105 expected B
Reading ....
Actually Written 17408 of 364105 expected B
Reading ....
Actually Written 18432 of 364105 expected B
Reading ....
Actually Written 19456 of 364105 expected B
Reading ....
Actually Written 20480 of 364105 expected B
Reading ....
Actually Written 21504 of 364105 expected B
Reading ....
Actually Written 22528 of 364105 expected B
Reading ....
Actually Written 23552 of 364105 expected B
Reading ....
Actually Written 24576 of 364105 expected B
Reading ....
Actually Written 25600 of 364105 expected B
Reading ....
Actually Written 26624 of 364105 expected B
Reading ....
Actually Written 27648 of 364105 expected B
Reading ....
Actually Written 28672 of 364105 expected B
Reading ....
Actually Written 29696 of 364105 expected B
Reading ....
Actually Written 30720 of 364105 expected B
Reading ....
Actually Written 31744 of 364105 expected B
Reading ....
Actually Written 32768 of 364105 expected B
Reading ....
Actually Written 33792 of 364105 expected B
Reading ....
Actually Written 34816 of 364105 expected B
Reading ....
Actually Written 35840 of 364105 expected B
Reading ....
Actually Written 36864 of 364105 expected B
Reading ....
Actually Written 37888 of 364105 expected B
Reading ....
Actually Written 38912 of 364105 expected B
Reading ....
Actually Written 39936 of 364105 expected B
Reading ....
Actually Written 40960 of 364105 expected B
Reading ....
Actually Written 41984 of 364105 expected B
Reading ....
Actually Written 43008 of 364105 expected B
Reading ....
Actually Written 44032 of 364105 expected B
Reading ....
Actually Written 45056 of 364105 expected B
Reading ....
Actually Written 46080 of 364105 expected B
Reading ....
Actually Written 47104 of 364105 expected B
Reading ....
Actually Written 48128 of 364105 expected B
Reading ....
Actually Written 49152 of 364105 expected B
Reading ....
Actually Written 50176 of 364105 expected B
Reading ....
Actually Written 51200 of 364105 expected B
Reading ....
Actually Written 52224 of 364105 expected B
Reading ....
Actually Written 53248 of 364105 expected B
Reading ....
Actually Written 54272 of 364105 expected B
Reading ....
Actually Written 55296 of 364105 expected B
Reading ....
Actually Written 56320 of 364105 expected B
Reading ....
Actually Written 57344 of 364105 expected B
Reading ....
Actually Written 58368 of 364105 expected B
Reading ....
Actually Written 59392 of 364105 expected B
Reading ....
Actually Written 60416 of 364105 expected B
Reading ....
Actually Written 61440 of 364105 expected B
Reading ....
Actually Written 62464 of 364105 expected B
Reading ....
Actually Written 63488 of 364105 expected B
Reading ....
Actually Written 64512 of 364105 expected B
Reading ....
Actually Written 65536 of 364105 expected B
Reading ....
Actually Written 66560 of 364105 expected B
Reading ....
Actually Written 67584 of 364105 expected B
Reading ....
Actually Written 68608 of 364105 expected B
Reading ....
Actually Written 69632 of 364105 expected B
Reading ....
Actually Written 70656 of 364105 expected B
Reading ....
Actually Written 71680 of 364105 expected B
Reading ....
Actually Written 72704 of 364105 expected B
Reading ....
Actually Written 73728 of 364105 expected B
Reading ....
Actually Written 74752 of 364105 expected B
Reading ....
Actually Written 75776 of 364105 expected B
Reading ....
Actually Written 76800 of 364105 expected B
Reading ....
Actually Written 77824 of 364105 expected B
Reading ....
Actually Written 78848 of 364105 expected B
Reading ....
Actually Written 79872 of 364105 expected B
Reading ....
Actually Written 80896 of 364105 expected B
Reading ....
Actually Written 81920 of 364105 expected B
Reading ....
Actually Written 82944 of 364105 expected B
Reading ....
Actually Written 83968 of 364105 expected B
Reading ....
Actually Written 84992 of 364105 expected B
Reading ....
Actually Written 86016 of 364105 expected B
Reading ....
Actually Written 87040 of 364105 expected B
Reading ....
Actually Written 88064 of 364105 expected B
Reading ....
Actually Written 89088 of 364105 expected B
Reading ....
Actually Written 90112 of 364105 expected B
Reading ....
Actually Written 91136 of 364105 expected B
Reading ....
Actually Written 92160 of 364105 expected B
Reading ....
Actually Written 93184 of 364105 expected B
Reading ....
Actually Written 94208 of 364105 expected B
Reading ....
Actually Written 95232 of 364105 expected B
Reading ....
Actually Written 96256 of 364105 expected B
Reading ....
Actually Written 97280 of 364105 expected B
Reading ....
Actually Written 98304 of 364105 expected B
Reading ....
Actually Written 99328 of 364105 expected B
Reading ....
Actually Written 100352 of 364105 expected B
Reading ....
Actually Written 101376 of 364105 expected B
Reading ....
Actually Written 102400 of 364105 expected B
Reading ....
Actually Written 103424 of 364105 expected B
Reading ....
Actually Written 104448 of 364105 expected B
Reading ....
Actually Written 105472 of 364105 expected B
Reading ....
Actually Written 106496 of 364105 expected B
Reading ....
Actually Written 107520 of 364105 expected B
Reading ....
Actually Written 108544 of 364105 expected B
Reading ....
Actually Written 109568 of 364105 expected B
Reading ....
Actually Written 110592 of 364105 expected B
Reading ....
Actually Written 111616 of 364105 expected B
Reading ....
Actually Written 112640 of 364105 expected B
Reading ....
Actually Written 113664 of 364105 expected B
Reading ....
Actually Written 114688 of 364105 expected B
Reading ....
Actually Written 115712 of 364105 expected B
Reading ....
Actually Written 116736 of 364105 expected B
Reading ....
Actually Written 117760 of 364105 expected B
Reading ....
Actually Written 118784 of 364105 expected B
Reading ....
Actually Written 119808 of 364105 expected B
Reading ....
Actually Written 120832 of 364105 expected B
Reading ....
Actually Written 121856 of 364105 expected B
Reading ....
Actually Written 122880 of 364105 expected B
Reading ....
Actually Written 123904 of 364105 expected B
Reading ....
Actually Written 124928 of 364105 expected B
Reading ....
Actually Written 125952 of 364105 expected B
Reading ....
Actually Written 126976 of 364105 expected B
Reading ....
Actually Written 128000 of 364105 expected B
Reading ....
Actually Written 129024 of 364105 expected B
Reading ....
Actually Written 130048 of 364105 expected B
Reading ....
Actually Written 131072 of 364105 expected B
Reading ....
Actually Written 132096 of 364105 expected B
Reading ....
Actually Written 133120 of 364105 expected B
Reading ....
Actually Written 134144 of 364105 expected B
Reading ....
Actually Written 135168 of 364105 expected B
Reading ....
Actually Written 136192 of 364105 expected B
Reading ....
Actually Written 137216 of 364105 expected B
Reading ....
Actually Written 138240 of 364105 expected B
Reading ....
Actually Written 139264 of 364105 expected B
Reading ....
Actually Written 140288 of 364105 expected B
Reading ....
Actually Written 141312 of 364105 expected B
Reading ....
Actually Written 142336 of 364105 expected B
Reading ....
Actually Written 143360 of 364105 expected B
Reading ....
Actually Written 144384 of 364105 expected B
Reading ....
Actually Written 145408 of 364105 expected B
Reading ....
Actually Written 146432 of 364105 expected B
Reading ....
Actually Written 147456 of 364105 expected B
Reading ....
Actually Written 148480 of 364105 expected B
Reading ....
Actually Written 149504 of 364105 expected B
Reading ....
Actually Written 150528 of 364105 expected B
Reading ....
Actually Written 151552 of 364105 expected B
Reading ....
Actually Written 152576 of 364105 expected B
Reading ....
Actually Written 153600 of 364105 expected B
Reading ....
Actually Written 154624 of 364105 expected B
Reading ....
Actually Written 155648 of 364105 expected B
Reading ....
Actually Written 156672 of 364105 expected B
Reading ....
Actually Written 157696 of 364105 expected B
Reading ....
Actually Written 158720 of 364105 expected B
Reading ....
Actually Written 159744 of 364105 expected B
Reading ....
Actually Written 160768 of 364105 expected B
Reading ....
Actually Written 161792 of 364105 expected B
Reading ....
Actually Written 162816 of 364105 expected B
Reading ....
Actually Written 163840 of 364105 expected B
Reading ....
Actually Written 164864 of 364105 expected B
Reading ....
Actually Written 165888 of 364105 expected B
Reading ....
Actually Written 166912 of 364105 expected B
Reading ....
Actually Written 167936 of 364105 expected B
Reading ....
Actually Written 168960 of 364105 expected B
Reading ....
Actually Written 169984 of 364105 expected B
Reading ....
Actually Written 171008 of 364105 expected B
Reading ....
Actually Written 172032 of 364105 expected B
Reading ....
Actually Written 173056 of 364105 expected B
Reading ....
Actually Written 174080 of 364105 expected B
Reading ....
Actually Written 175104 of 364105 expected B
Reading ....
Actually Written 176128 of 364105 expected B
Reading ....
Actually Written 177152 of 364105 expected B
Reading ....
Actually Written 178176 of 364105 expected B
Reading ....
Actually Written 179200 of 364105 expected B
Reading ....
Actually Written 180224 of 364105 expected B
Reading ....
Actually Written 181248 of 364105 expected B
Reading ....
Actually Written 182272 of 364105 expected B
Reading ....
Actually Written 183296 of 364105 expected B
Reading ....
Actually Written 184320 of 364105 expected B
Reading ....
Actually Written 185344 of 364105 expected B
Reading ....
Actually Written 186368 of 364105 expected B
Reading ....
Actually Written 187392 of 364105 expected B
Reading ....
Actually Written 188416 of 364105 expected B
Reading ....
Actually Written 189440 of 364105 expected B
Reading ....
Actually Written 190464 of 364105 expected B
Reading ....
Actually Written 191488 of 364105 expected B
Reading ....
Actually Written 192512 of 364105 expected B
Reading ....
Actually Written 193536 of 364105 expected B
Reading ....
Actually Written 194560 of 364105 expected B
Reading ....
Actually Written 195584 of 364105 expected B
Reading ....
Actually Written 196608 of 364105 expected B
Reading ....
Actually Written 197632 of 364105 expected B
Reading ....
Actually Written 198656 of 364105 expected B
Reading ....
Actually Written 199680 of 364105 expected B
Reading ....
Actually Written 200704 of 364105 expected B
Reading ....
Actually Written 201728 of 364105 expected B
Reading ....
Actually Written 202752 of 364105 expected B
Reading ....
Actually Written 203776 of 364105 expected B
Reading ....
Actually Written 204800 of 364105 expected B
Reading ....
Actually Written 205824 of 364105 expected B
Reading ....
Actually Written 206848 of 364105 expected B
Reading ....
Actually Written 207872 of 364105 expected B
Reading ....
Actually Written 208896 of 364105 expected B
Reading ....
Actually Written 209920 of 364105 expected B
Reading ....
Actually Written 210944 of 364105 expected B
Reading ....
Actually Written 211968 of 364105 expected B
Reading ....
Actually Written 212992 of 364105 expected B
Reading ....
Actually Written 214016 of 364105 expected B
Reading ....
Actually Written 215040 of 364105 expected B
Reading ....
Actually Written 216064 of 364105 expected B
Reading ....
Actually Written 217088 of 364105 expected B
Reading ....
Actually Written 218112 of 364105 expected B
Reading ....
Actually Written 219136 of 364105 expected B
Reading ....
Actually Written 220160 of 364105 expected B
Reading ....
Actually Written 221184 of 364105 expected B
Reading ....
Actually Written 222208 of 364105 expected B
Reading ....
Actually Written 223232 of 364105 expected B
Reading ....
Actually Written 224256 of 364105 expected B
Reading ....
Actually Written 225280 of 364105 expected B
Reading ....
Actually Written 226304 of 364105 expected B
Reading ....
Actually Written 227328 of 364105 expected B
Reading ....
Actually Written 228352 of 364105 expected B
Reading ....
Actually Written 229376 of 364105 expected B
Reading ....
Actually Written 230400 of 364105 expected B
Reading ....
Actually Written 231424 of 364105 expected B
Reading ....
Actually Written 232448 of 364105 expected B
Reading ....
Actually Written 233472 of 364105 expected B
Reading ....
Actually Written 234496 of 364105 expected B
Reading ....
Actually Written 235520 of 364105 expected B
Reading ....
Actually Written 236544 of 364105 expected B
Reading ....
Actually Written 237568 of 364105 expected B
Reading ....
Actually Written 238592 of 364105 expected B
Reading ....
Actually Written 239616 of 364105 expected B
Reading ....
Actually Written 240640 of 364105 expected B
Reading ....
Actually Written 241664 of 364105 expected B
Reading ....
Actually Written 242688 of 364105 expected B
Reading ....
Actually Written 243712 of 364105 expected B
Reading ....
Actually Written 244736 of 364105 expected B
Reading ....
Actually Written 245760 of 364105 expected B
Reading ....
Actually Written 246784 of 364105 expected B
Reading ....
Actually Written 247808 of 364105 expected B
Reading ....
Actually Written 248832 of 364105 expected B
Reading ....
Actually Written 249856 of 364105 expected B
Reading ....
Actually Written 250880 of 364105 expected B
Reading ....
Actually Written 251904 of 364105 expected B
Reading ....
Actually Written 252928 of 364105 expected B
Reading ....
Actually Written 253952 of 364105 expected B
Reading ....
Actually Written 254976 of 364105 expected B
Reading ....
Actually Written 256000 of 364105 expected B
Reading ....
Actually Written 257024 of 364105 expected B
Reading ....
Actually Written 258048 of 364105 expected B
Reading ....
Actually Written 259072 of 364105 expected B
Reading ....
Actually Written 260096 of 364105 expected B
Reading ....
Actually Written 261120 of 364105 expected B
Reading ....
Actually Written 262144 of 364105 expected B
Reading ....
Actually Written 263168 of 364105 expected B
Reading ....
Actually Written 264192 of 364105 expected B
Reading ....
Actually Written 265216 of 364105 expected B
Reading ....
Actually Written 266240 of 364105 expected B
Reading ....
Actually Written 267264 of 364105 expected B
Reading ....
Actually Written 268288 of 364105 expected B
Reading ....
Actually Written 269312 of 364105 expected B
Reading ....
Actually Written 270336 of 364105 expected B
Reading ....
Actually Written 271360 of 364105 expected B
Reading ....
Actually Written 272384 of 364105 expected B
Reading ....
Actually Written 273408 of 364105 expected B
Reading ....
Actually Written 274432 of 364105 expected B
Reading ....
Actually Written 275456 of 364105 expected B
Reading ....
Actually Written 276480 of 364105 expected B
Reading ....
Actually Written 277504 of 364105 expected B
Reading ....
Actually Written 278528 of 364105 expected B
Reading ....
Actually Written 279552 of 364105 expected B
Reading ....
Actually Written 280576 of 364105 expected B
Reading ....
Actually Written 281600 of 364105 expected B
Reading ....
Actually Written 282624 of 364105 expected B
Reading ....
Actually Written 283648 of 364105 expected B
Reading ....
Actually Written 284672 of 364105 expected B
Reading ....
Actually Written 285696 of 364105 expected B
Reading ....
Actually Written 286720 of 364105 expected B
Reading ....
Actually Written 287744 of 364105 expected B
Reading ....
Actually Written 288768 of 364105 expected B
Reading ....
Actually Written 289792 of 364105 expected B
Reading ....
Actually Written 290816 of 364105 expected B
Reading ....
Actually Written 291840 of 364105 expected B
Reading ....
Actually Written 292864 of 364105 expected B
Reading ....
Actually Written 293888 of 364105 expected B
Reading ....
Actually Written 294912 of 364105 expected B
Reading ....
Actually Written 295936 of 364105 expected B
Reading ....
Actually Written 296960 of 364105 expected B
Reading ....
Actually Written 297984 of 364105 expected B
Reading ....
Actually Written 299008 of 364105 expected B
Reading ....
Actually Written 300032 of 364105 expected B
Reading ....
Actually Written 301056 of 364105 expected B
Reading ....
Actually Written 302080 of 364105 expected B
Reading ....
Actually Written 303104 of 364105 expected B
Reading ....
Actually Written 304128 of 364105 expected B
Reading ....
Actually Written 305152 of 364105 expected B
Reading ....
Actually Written 306176 of 364105 expected B
Reading ....
Actually Written 307200 of 364105 expected B
Reading ....
Actually Written 308224 of 364105 expected B
Reading ....
Actually Written 309248 of 364105 expected B
Reading ....
Actually Written 310272 of 364105 expected B
Reading ....
Actually Written 311296 of 364105 expected B
Reading ....
Actually Written 312320 of 364105 expected B
Reading ....
Actually Written 313344 of 364105 expected B
Reading ....
Actually Written 314368 of 364105 expected B
Reading ....
Actually Written 315392 of 364105 expected B
Reading ....
Actually Written 316416 of 364105 expected B
Reading ....
Actually Written 317440 of 364105 expected B
Reading ....
Actually Written 318464 of 364105 expected B
Reading ....
Actually Written 319488 of 364105 expected B
Reading ....
Actually Written 320512 of 364105 expected B
Reading ....
Actually Written 321536 of 364105 expected B
Reading ....
Actually Written 322560 of 364105 expected B
Reading ....
Actually Written 323584 of 364105 expected B
Reading ....
Actually Written 324608 of 364105 expected B
Reading ....
Actually Written 325632 of 364105 expected B
Reading ....
Actually Written 326656 of 364105 expected B
Reading ....
Actually Written 327680 of 364105 expected B
Reading ....
Actually Written 328704 of 364105 expected B
Reading ....
Actually Written 329728 of 364105 expected B
Reading ....
Actually Written 330752 of 364105 expected B
Reading ....
Actually Written 331776 of 364105 expected B
Reading ....
Actually Written 332800 of 364105 expected B
Reading ....
Actually Written 333824 of 364105 expected B
Reading ....
Actually Written 334848 of 364105 expected B
Reading ....
Actually Written 335872 of 364105 expected B
Reading ....
Actually Written 336896 of 364105 expected B
Reading ....
Actually Written 337920 of 364105 expected B
Reading ....
Actually Written 338944 of 364105 expected B
Reading ....
Actually Written 339968 of 364105 expected B
Reading ....
Actually Written 340992 of 364105 expected B
Reading ....
Actually Written 342016 of 364105 expected B
Reading ....
Actually Written 343040 of 364105 expected B
Reading ....
Actually Written 344064 of 364105 expected B
Reading ....
Actually Written 345088 of 364105 expected B
Reading ....
Actually Written 346112 of 364105 expected B
Reading ....
Actually Written 347136 of 364105 expected B
Reading ....
Actually Written 348160 of 364105 expected B
Reading ....
Actually Written 349184 of 364105 expected B
Reading ....
Actually Written 350208 of 364105 expected B
Reading ....
Actually Written 351232 of 364105 expected B
Reading ....
Actually Written 352256 of 364105 expected B
Reading ....
Actually Written 353280 of 364105 expected B
Reading ....
Actually Written 354304 of 364105 expected B
Reading ....
Actually Written 355328 of 364105 expected B
Reading ....
Actually Written 356352 of 364105 expected B
Reading ....
Actually Written 357376 of 364105 expected B
Reading ....
Actually Written 358400 of 364105 expected B
Reading ....
Actually Written 359424 of 364105 expected B
Reading ....
Actually Written 360448 of 364105 expected B
Reading ....
Actually Written 361472 of 364105 expected B
Reading ....
Actually Written 362496 of 364105 expected B
Reading ....
Actually Written 363520 of 364105 expected B
Reading ....
Actually Written 364544 of 364105 expected B
Reading ....
Reading ....
Reading ....
Reading ....
Reading ....
Reading ....
Reading ....
Reading ....
Reading ....
Reading ....
Reading ....
Reading ....
Reading ....
Reading ....
Reading ....
Reading ....
Reading ....
Reading ....
Reading ....
Reading ....
Reading ....
Reading ....
Reading ....
Reading ....
Reading ....
Reading ....
Reading ....
Reading ....
Reading ....
Reading ....
Reading ....
Reading ....
Reading ....
Reading ....
Reading ....
Reading ....
Reading ....
Reading ....
Reading ....
Reading ....
Reading ....
Reading ....
Reading ....
Reading ....
Reading ....
Reading ....
Reading ....
Reading ....
Reading ....
Reading ....
Reading ....
Reading ....
Reading ....
Reading ....
Reading ....
Reading ....
Reading ....
Reading ....
Reading ....
Reading ....
Reading ....
Reading ....
Reading ....
Reading ....
Reading ....
Reading ....
Reading ....
Reading ....
Reading ....
Reading ....
Reading ....
Reading ....
Reading ....
Reading ....
Reading ....
Reading ....
Reading ....
Reading ....
Reading ....
Reading ....
Reading ....
Reading ....
Reading ....
Reading ....
Reading ....
Reading ....
Reading ....
Reading ....
Reading ....
Reading ....
Reading ....
Reading ....
Reading ....
Reading ....
Reading ....
Reading ....
Reading ....
Reading ....
Reading ....
Reading ....
Reading ....
Reading ....
Reading ....
Reading ....
Reading ....
Reading ....
Reading ....
Reading ....
Reading ....
Reading ....
Reading ....
Reading ....
Reading ....
Reading ....
Reading ....
Reading ....
Reading ....
Reading ....
Reading ....
Reading ....
Reading ....
Reading ....
Reading ....
Reading ....
Reading ....
Reading ....
Reading ....
Reading ....
Reading ....
Reading ....
Reading ....
Reading ....
Reading ....
Reading ....
Reading ....
Reading ....
Reading ....
Reading ....
Reading ....
Reading ....
Reading ....
Reading ....
Reading ....
Reading ....
Reading ....
Reading ....
Reading ....
Reading ....
Reading ....
Reading ....
Reading ....
Reading ....
Reading ....
Reading ....
Reading ....
Reading ....
Reading ....
Reading ....
Reading ....
Reading ....
Reading ....
Reading ....
Reading ....
Reading ....
Reading ....
Reading ....
Reading ....
Reading ....
Reading ....
Reading ....
Reading ....
Reading ....
Reading ....
Reading ....
Reading ....
Reading ....
Reading ....
Reading ....
Reading ....
Reading ....
Reading ....
Reading ....
Reading ....
Reading ....
Reading ....
Reading ....
Reading ....
Reading ....
Reading ....
Reading ....
Reading ....
Reading ....
Reading ....
Reading ....
Reading ....
Reading ....
Reading ....
Reading ....
Reading ....
Reading ....
Reading ....
Reading ....
Reading ....
Reading ....
Reading ....
Reading ....
Reading ....
Reading ....
Reading ....
Reading ....
Reading ....
Reading ....
Reading ....
Reading ....
Reading ....
Reading ....
Reading ....
Reading ....
Reading ....
Reading ....
Reading ....
Reading ....
Reading ....
Reading ....
Reading ....
Reading ....
Reading ....
Reading ....
Reading ....
Reading ....
Reading ....
Reading ....
Reading ....
Reading ....
Reading ....
Reading ....
Reading ....
Reading ....
Reading ....
Reading ....
Reading ....
Reading ....
Reading ....
Received exit signal!
Completed in 00:00:40.487
